# Windows junk
Desktop.ini
Thumbs.db

# git files and the like
.*

# files purposefully excluded are
# prefixed with double-underscore
__*

# left-overs from UPX compression
*.upx
*.bak

# N64 ROMs!
*.n64
*.v64
*.z64

# don't accidentally include any commercial WADs
CHEX.WAD
DOOM.WAD
DOOM2.WAD
DOOM64.WAD
doom_complete.pk3
HERETIC.WAD
HEXEN.WAD
HEXDD.WAD
jptr_v40.wad
PLUTONIA.WAD
STRIFE1.WAD
TNT.WAD
VOICES.WAD

NERVE.WAD
NRFTL+.WAD
MASTER/*.wad

# don't include any save-files
saves/*

# exclude any screenshots
*screenshot*
*doom*.bmp

# exclude any errant save files
*.zds
*.dsg

# exclude Zandronum's skins folder
skins/

# exclude user configs
default.cfg
chocolate-*.cfg
glboom-plus.cfg
gzdoom-*.ini
prboom-plus.cfg
zdoom-*.ini
zandronum-*.ini
# (DOOM 64 EX)
config.cfg
launcher.cfg

# other
tranmap.dat
stdout.txt
stderr.txt
CRASHLOG.TXT
