PortaDOOM.exe
files\launcher.exe
files\tools\xdelta3\

@files\wads\conversions\freedoom\include.lst

pages\Home #??.dosmag
pages\2016 Cacowards #??.dosmag

# page 3:
@files\wads\people\John Romero\include.lst
# page 4:
@files\wads\megawads\aaliens\include.lst
# page 5:
@files\wads\episodes\Nihility\include.lst
# page 6:
@files\wads\community\mutiny\include.lst
# page 7:
@files\wads\episodes\killed\include.lst
# page 8: 
@files\wads\episodes\elfgp\include.lst
# page 9:
@files\wads\onesies\comatose\include.lst
# page 10:
@files\wads\onesies\miasma\include.lst
# page 11:
@files\wads\episodes\aa_e1\include.lst
# page 12:
@files\wads\community\jpcp\include.lst
# page 13:
pages\Blade of Agony.dosmag
# page 14:
@files\wads\onesies\ma_wrp\include.lst
@files\wads\community\thtthren\include.lst
@files\wads\megawads\bstain\include.lst
@files\wads\conversions\strange_aeons\include.lst
@files\wads\megawads\echelon\include.lst
@files\wads\conversions\ShadowOfTheWoolBall\include.lst
# page 15:
@files\wads\multiplayer\aeondm\include.lst
@files\wads\multiplayer\32in24-16\include.lst
# page 16:
@files\mods\Doom4Doom\include.lst
@files\wads\megawads\DTWiD\include.lst
@files\wads\jokes\ludicrm\include.lst

# (all demos require prboom-plus)
@files\ports\use=prboom-plus.lst
files\demos\e1nm0639\
files\demos\ep2-403\
files\demos\e2nm0452\
files\demos\ep3n421\
files\demos\ep4-413\
files\demos\ep4n654\
files\demos\lvalln2256\
files\demos\lvalls4752\
files\demos\evalln8336\
files\demos\lvall-1951\
files\demos\30uv1936\