PortaDOOM.exe
files\launcher.exe
files\tools\xdelta3\
files\wads\conversions\freedoom\

files\wads\freedoom?.ini
files\wads\doom.ini
files\wads\doom2.ini
files\wads\tnt.ini
files\wads\plutonia.ini

files\ports\doom-retro\
files\config\default.doom-retro.cfg

files\ports\prboom-plus\
files\config\default.glboom-plus.cfg
files\config\default.prboom-plus.cfg

files\ports\gzdoom_*\
files\config\default.gzdoom.ini
files\config\default.gzdoom-36.ini

files\ports\zdoom\
files\config\default.zdoom.ini


pages\Home #??.dosmag
pages\2018 Cacowards #??.dosmag

pages\Avactor.dosmag
files\wads\episodes\avactor\

pages\Dark Universe Part 1.dosmag
files\wads\episodes\dupart1\

pages\The Adventures of Square.dosmag
files\wads\SHAREWARE\square\

pages\Preacher.dosmag
files\wads\episodes\preacher\

pages\Dimension of the Boomed.dosmag
files\wads\episodes\dotb\
