PortaDOOM.exe
files\launcher.exe
files\tools\xdelta3\

@files\wads\conversions\freedoom\include.lst

pages\Home #??.dosmag
pages\2019 Cacowards #??.dosmag

# page 3:
@files\wads\megawads\eviternity\include.lst
# page 4:
@files\wads\onesies\vercit\include.lst
# page 5:
@files\wads\conversions\paradise\include.lst
# page 6:
@files\wads\episodes\HF\include.lst
# page 7:
@files\wads\episodes\fcff\include.lst
# page 8:
@files\wads\conversions\hocus\include.lst
# page 9:
@files\wads\episodes\sgnsym\include.lst
# page 10:
@files\wads\megawads\joi_lstcv\include.lst
# page 11:
@files\wads\onesies\remnant\include.lst
# page 12:
@files\wads\episodes\wayfarer\include.lst
# page 13:
@files\wads\onesies\infraworld\include.lst
@files\wads\megawads\lunar\include.lst
@files\wads\people\Bridgeburner56\tss\include.lst
@files\wads\onesies\droom\include.lst
@files\wads\episodes\dbp16\include.lst
@files\wads\episodes\alienated\include.lst
@files\wads\megawads\doomzero\include.lst
@files\wads\onesies\entropy\include.lst